mode: set
app_airbnb/delivery/controllers/categories/formatter.go:15.104,19.2 1 0
app_airbnb/delivery/controllers/categories/formatter.go:27.103,29.46 2 0
app_airbnb/delivery/controllers/categories/formatter.go:35.2,35.29 1 0
app_airbnb/delivery/controllers/categories/formatter.go:29.46,34.3 3 0
app_airbnb/delivery/controllers/categories/formatter.go:44.104,50.2 1 0
app_airbnb/delivery/controllers/categories/formatter.go:56.93,60.2 1 0
app_airbnb/delivery/controllers/categories/formatter.go:66.104,70.2 1 0
app_airbnb/delivery/controllers/categories/categories.go:18.66,22.2 1 0
app_airbnb/delivery/controllers/categories/categories.go:24.61,25.36 1 0
app_airbnb/delivery/controllers/categories/categories.go:25.36,27.15 2 0
app_airbnb/delivery/controllers/categories/categories.go:31.3,33.46 2 0
app_airbnb/delivery/controllers/categories/categories.go:37.3,43.17 3 0
app_airbnb/delivery/controllers/categories/categories.go:47.3,47.136 1 0
app_airbnb/delivery/controllers/categories/categories.go:27.15,29.4 1 0
app_airbnb/delivery/controllers/categories/categories.go:33.46,35.4 1 0
app_airbnb/delivery/controllers/categories/categories.go:43.17,45.4 1 0
app_airbnb/delivery/controllers/categories/categories.go:51.61,52.36 1 0
app_airbnb/delivery/controllers/categories/categories.go:52.36,54.17 2 0
app_airbnb/delivery/controllers/categories/categories.go:57.3,57.124 1 0
app_airbnb/delivery/controllers/categories/categories.go:54.17,56.4 1 0
app_airbnb/delivery/controllers/categories/categories.go:61.62,62.36 1 0
app_airbnb/delivery/controllers/categories/categories.go:62.36,67.17 3 0
app_airbnb/delivery/controllers/categories/categories.go:71.3,71.130 1 0
app_airbnb/delivery/controllers/categories/categories.go:67.17,69.4 1 0
app_airbnb/delivery/controllers/categories/categories.go:75.61,76.36 1 0
app_airbnb/delivery/controllers/categories/categories.go:76.36,78.15 2 0
app_airbnb/delivery/controllers/categories/categories.go:81.3,85.49 3 0
app_airbnb/delivery/controllers/categories/categories.go:89.3,91.17 2 0
app_airbnb/delivery/controllers/categories/categories.go:94.3,94.88 1 0
app_airbnb/delivery/controllers/categories/categories.go:78.15,80.4 1 0
app_airbnb/delivery/controllers/categories/categories.go:85.49,87.4 1 0
app_airbnb/delivery/controllers/categories/categories.go:91.17,93.4 1 0
app_airbnb/delivery/controllers/categories/categories.go:98.61,99.36 1 0
app_airbnb/delivery/controllers/categories/categories.go:99.36,101.15 2 0
app_airbnb/delivery/controllers/categories/categories.go:104.3,106.17 3 0
app_airbnb/delivery/controllers/categories/categories.go:109.3,109.94 1 0
app_airbnb/delivery/controllers/categories/categories.go:101.15,103.4 1 0
app_airbnb/delivery/controllers/categories/categories.go:106.17,108.4 1 0
app_airbnb/delivery/controllers/auth/auth.go:16.42,20.2 1 1
app_airbnb/delivery/controllers/auth/auth.go:22.52,23.36 1 1
app_airbnb/delivery/controllers/auth/auth.go:23.36,26.97 2 1
app_airbnb/delivery/controllers/auth/auth.go:29.3,31.17 2 1
app_airbnb/delivery/controllers/auth/auth.go:34.3,36.17 2 1
app_airbnb/delivery/controllers/auth/auth.go:40.3,40.119 1 1
app_airbnb/delivery/controllers/auth/auth.go:26.97,28.4 1 1
app_airbnb/delivery/controllers/auth/auth.go:31.17,33.4 1 1
app_airbnb/delivery/controllers/auth/auth.go:36.17,38.4 1 1
app_airbnb/delivery/controllers/auth/auth.go:45.57,46.36 1 0
app_airbnb/delivery/controllers/auth/auth.go:46.36,49.97 2 0
app_airbnb/delivery/controllers/auth/auth.go:52.3,54.17 2 0
app_airbnb/delivery/controllers/auth/auth.go:57.3,59.17 2 0
app_airbnb/delivery/controllers/auth/auth.go:63.3,63.119 1 0
app_airbnb/delivery/controllers/auth/auth.go:49.97,51.4 1 0
app_airbnb/delivery/controllers/auth/auth.go:54.17,56.4 1 0
app_airbnb/delivery/controllers/auth/auth.go:59.17,61.4 1 0
app_airbnb/delivery/controllers/images/images.go:24.76,29.2 1 0
app_airbnb/delivery/controllers/images/images.go:31.56,32.36 1 0
app_airbnb/delivery/controllers/images/images.go:32.36,35.18 2 0
app_airbnb/delivery/controllers/images/images.go:39.3,41.30 2 0
app_airbnb/delivery/controllers/images/images.go:56.3,56.101 1 0
app_airbnb/delivery/controllers/images/images.go:35.18,37.4 1 0
app_airbnb/delivery/controllers/images/images.go:41.30,44.18 3 0
app_airbnb/delivery/controllers/images/images.go:47.4,53.83 4 0
app_airbnb/delivery/controllers/images/images.go:44.18,46.5 1 0
app_airbnb/delivery/controllers/images/formatter.go:15.91,20.2 1 0
app_airbnb/delivery/controllers/images/formatter.go:27.90,29.43 2 0
app_airbnb/delivery/controllers/images/formatter.go:33.2,33.26 1 0
app_airbnb/delivery/controllers/images/formatter.go:29.43,32.3 2 0
app_airbnb/delivery/controllers/images/formatter.go:41.93,46.2 1 0
app_airbnb/delivery/controllers/images/formatter.go:52.85,56.2 1 0
app_airbnb/delivery/controllers/images/formatter.go:63.91,68.2 1 0
app_airbnb/delivery/controllers/rooms/formatter.go:20.78,34.2 1 0
app_airbnb/delivery/controllers/rooms/formatter.go:51.87,64.2 1 0
app_airbnb/delivery/controllers/rooms/formatter.go:80.86,82.42 2 0
app_airbnb/delivery/controllers/rooms/formatter.go:95.2,95.25 1 0
app_airbnb/delivery/controllers/rooms/formatter.go:82.42,94.3 11 0
app_airbnb/delivery/controllers/rooms/formatter.go:113.89,128.2 1 0
app_airbnb/delivery/controllers/rooms/formatter.go:143.80,156.2 1 0
app_airbnb/delivery/controllers/rooms/formatter.go:172.87,186.2 1 0
app_airbnb/delivery/controllers/rooms/rooms.go:21.76,26.2 1 0
app_airbnb/delivery/controllers/rooms/rooms.go:28.56,29.36 1 0
app_airbnb/delivery/controllers/rooms/rooms.go:29.36,33.42 3 0
app_airbnb/delivery/controllers/rooms/rooms.go:37.3,39.17 2 0
app_airbnb/delivery/controllers/rooms/rooms.go:43.3,44.18 2 0
app_airbnb/delivery/controllers/rooms/rooms.go:47.3,49.30 2 0
app_airbnb/delivery/controllers/rooms/rooms.go:62.3,62.128 1 0
app_airbnb/delivery/controllers/rooms/rooms.go:33.42,35.4 1 0
app_airbnb/delivery/controllers/rooms/rooms.go:39.17,41.4 1 0
app_airbnb/delivery/controllers/rooms/rooms.go:44.18,46.4 1 0
app_airbnb/delivery/controllers/rooms/rooms.go:49.30,57.19 7 0
app_airbnb/delivery/controllers/rooms/rooms.go:57.19,59.5 1 0
app_airbnb/delivery/controllers/rooms/rooms.go:66.56,67.36 1 0
app_airbnb/delivery/controllers/rooms/rooms.go:67.36,69.17 2 0
app_airbnb/delivery/controllers/rooms/rooms.go:72.3,72.116 1 0
app_airbnb/delivery/controllers/rooms/rooms.go:69.17,71.4 1 0
app_airbnb/delivery/controllers/rooms/rooms.go:76.58,77.36 1 0
app_airbnb/delivery/controllers/rooms/rooms.go:77.36,80.17 3 0
app_airbnb/delivery/controllers/rooms/rooms.go:83.3,83.116 1 0
app_airbnb/delivery/controllers/rooms/rooms.go:80.17,82.4 1 0
app_airbnb/delivery/controllers/rooms/rooms.go:87.57,88.36 1 0
app_airbnb/delivery/controllers/rooms/rooms.go:88.36,93.17 3 0
app_airbnb/delivery/controllers/rooms/rooms.go:97.3,97.122 1 0
app_airbnb/delivery/controllers/rooms/rooms.go:93.17,95.4 1 0
app_airbnb/delivery/controllers/rooms/rooms.go:101.56,102.36 1 0
app_airbnb/delivery/controllers/rooms/rooms.go:102.36,108.45 4 0
app_airbnb/delivery/controllers/rooms/rooms.go:112.3,114.17 2 0
app_airbnb/delivery/controllers/rooms/rooms.go:117.3,117.118 1 0
app_airbnb/delivery/controllers/rooms/rooms.go:108.45,110.4 1 0
app_airbnb/delivery/controllers/rooms/rooms.go:114.17,116.4 1 0
app_airbnb/delivery/controllers/rooms/rooms.go:121.56,122.36 1 0
app_airbnb/delivery/controllers/rooms/rooms.go:122.36,126.17 4 0
app_airbnb/delivery/controllers/rooms/rooms.go:129.3,129.94 1 0
app_airbnb/delivery/controllers/rooms/rooms.go:126.17,128.4 1 0
app_airbnb/repository/auth/auth.go:15.31,19.2 1 1
app_airbnb/repository/auth/auth.go:21.72,28.12 4 1
app_airbnb/repository/auth/auth.go:32.2,32.18 1 1
app_airbnb/repository/auth/auth.go:28.12,30.3 1 1
app_airbnb/repository/categories/categories.go:14.45,16.2 1 1
app_airbnb/repository/categories/categories.go:19.104,20.59 1 1
app_airbnb/repository/categories/categories.go:23.2,23.25 1 1
app_airbnb/repository/categories/categories.go:20.59,22.3 1 1
app_airbnb/repository/categories/categories.go:27.75,30.25 3 1
app_airbnb/repository/categories/categories.go:33.2,33.24 1 1
app_airbnb/repository/categories/categories.go:30.25,32.3 1 1
app_airbnb/repository/categories/categories.go:37.89,39.100 2 1
app_airbnb/repository/categories/categories.go:42.2,42.22 1 1
app_airbnb/repository/categories/categories.go:39.100,41.3 1 1
app_airbnb/repository/categories/categories.go:46.126,49.27 2 1
app_airbnb/repository/categories/categories.go:52.2,53.30 2 1
app_airbnb/repository/categories/categories.go:49.27,51.3 1 1
app_airbnb/repository/categories/categories.go:57.65,60.27 3 1
app_airbnb/repository/categories/categories.go:63.2,63.12 1 1
app_airbnb/repository/categories/categories.go:60.27,62.3 1 1
app_airbnb/repository/admin/admin.go:14.40,18.2 1 1
app_airbnb/repository/admin/admin.go:20.84,24.60 2 1
app_airbnb/repository/admin/admin.go:28.2,28.22 1 1
app_airbnb/repository/admin/admin.go:24.60,26.3 1 1
app_airbnb/repository/admin/admin.go:31.62,34.73 2 1
app_airbnb/repository/admin/admin.go:38.2,38.21 1 1
app_airbnb/repository/admin/admin.go:34.73,36.3 1 1
app_airbnb/repository/booking/booking.go:14.42,18.2 1 1
app_airbnb/repository/booking/booking.go:20.94,23.26 3 1
app_airbnb/repository/booking/booking.go:27.2,31.38 3 1
app_airbnb/repository/booking/booking.go:35.2,35.58 1 1
app_airbnb/repository/booking/booking.go:38.2,38.24 1 1
app_airbnb/repository/booking/booking.go:23.26,25.3 1 1
app_airbnb/repository/booking/booking.go:31.38,33.3 1 0
app_airbnb/repository/booking/booking.go:35.58,37.3 1 1
app_airbnb/repository/booking/booking.go:41.83,43.96 2 0
app_airbnb/repository/booking/booking.go:46.2,46.21 1 0
app_airbnb/repository/booking/booking.go:43.96,45.3 1 0
app_airbnb/repository/booking/booking.go:49.121,52.33 3 0
app_airbnb/repository/booking/booking.go:56.2,58.27 2 0
app_airbnb/repository/booking/booking.go:61.2,62.21 2 0
app_airbnb/repository/booking/booking.go:52.33,54.3 1 0
app_airbnb/repository/booking/booking.go:58.27,60.3 1 0
app_airbnb/repository/booking/booking.go:65.82,70.23 3 0
app_airbnb/repository/booking/booking.go:73.2,73.21 1 0
app_airbnb/repository/booking/booking.go:70.23,72.3 1 0
app_airbnb/repository/booking/booking.go:76.87,78.103 2 0
app_airbnb/repository/booking/booking.go:81.2,81.21 1 0
app_airbnb/repository/booking/booking.go:78.103,80.3 1 0
app_airbnb/repository/booking/booking.go:84.72,89.27 3 0
app_airbnb/repository/booking/booking.go:93.2,93.12 1 0
app_airbnb/repository/booking/booking.go:89.27,91.3 1 0
app_airbnb/repository/images/images.go:14.41,16.2 1 1
app_airbnb/repository/images/images.go:19.103,21.56 2 1
app_airbnb/repository/images/images.go:24.2,24.22 1 1
app_airbnb/repository/images/images.go:21.56,23.3 1 1
app_airbnb/repository/user/user.go:14.39,18.2 1 1
app_airbnb/repository/user/user.go:20.76,24.53 2 1
app_airbnb/repository/user/user.go:28.2,28.15 1 1
app_airbnb/repository/user/user.go:24.53,26.3 1 0
app_airbnb/repository/user/user.go:31.70,35.37 3 1
app_airbnb/repository/user/user.go:39.2,39.21 1 1
app_airbnb/repository/user/user.go:35.37,37.3 1 1
app_airbnb/repository/user/user.go:42.92,47.73 3 1
app_airbnb/repository/user/user.go:51.2,51.18 1 1
app_airbnb/repository/user/user.go:47.73,49.3 1 1
app_airbnb/repository/user/user.go:54.52,58.63 2 1
app_airbnb/repository/user/user.go:61.2,62.12 2 1
app_airbnb/repository/user/user.go:58.63,60.3 1 1
app_airbnb/repository/rooms/rooms.go:14.40,16.2 1 1
app_airbnb/repository/rooms/rooms.go:19.86,20.56 1 1
app_airbnb/repository/rooms/rooms.go:23.2,23.22 1 1
app_airbnb/repository/rooms/rooms.go:20.56,22.3 1 1
app_airbnb/repository/rooms/rooms.go:27.65,30.20 3 1
app_airbnb/repository/rooms/rooms.go:33.2,33.19 1 1
app_airbnb/repository/rooms/rooms.go:30.20,32.3 1 1
app_airbnb/repository/rooms/rooms.go:37.78,39.92 2 1
app_airbnb/repository/rooms/rooms.go:42.2,42.18 1 1
app_airbnb/repository/rooms/rooms.go:39.92,41.3 1 0
app_airbnb/repository/rooms/rooms.go:46.71,48.89 2 1
app_airbnb/repository/rooms/rooms.go:51.2,51.18 1 1
app_airbnb/repository/rooms/rooms.go:48.89,50.3 1 1
app_airbnb/repository/rooms/rooms.go:55.115,58.27 3 1
app_airbnb/repository/rooms/rooms.go:61.2,62.25 2 1
app_airbnb/repository/rooms/rooms.go:58.27,60.3 1 1
app_airbnb/repository/rooms/rooms.go:66.64,70.27 3 1
app_airbnb/repository/rooms/rooms.go:73.2,73.12 1 1
app_airbnb/repository/rooms/rooms.go:70.27,72.3 1 1
