mode: set
app_airbnb/repository/images/images.go:14.41,16.2 1 1
app_airbnb/repository/images/images.go:19.89,20.56 1 1
app_airbnb/repository/images/images.go:23.2,23.22 1 1
app_airbnb/repository/images/images.go:20.56,22.3 1 1
app_airbnb/repository/images/images.go:27.67,32.21 3 1
app_airbnb/repository/images/images.go:35.2,35.20 1 1
app_airbnb/repository/images/images.go:32.21,34.3 1 0
app_airbnb/repository/images/images.go:39.78,41.91 2 1
app_airbnb/repository/images/images.go:44.2,44.19 1 1
app_airbnb/repository/images/images.go:41.91,43.3 1 1
app_airbnb/repository/images/images.go:48.105,53.27 2 1
app_airbnb/repository/images/images.go:56.2,57.26 2 1
app_airbnb/repository/images/images.go:53.27,55.3 1 1
app_airbnb/repository/images/images.go:61.66,65.27 4 1
app_airbnb/repository/images/images.go:68.2,68.12 1 0
app_airbnb/repository/images/images.go:65.27,67.3 1 1
