mode: set
app_airbnb/repository/images/images.go:14.41,16.2 1 1
app_airbnb/repository/images/images.go:19.89,20.56 1 1
app_airbnb/repository/images/images.go:23.2,23.22 1 1
app_airbnb/repository/images/images.go:20.56,22.3 1 1
app_airbnb/repository/images/images.go:27.78,32.21 3 1
app_airbnb/repository/images/images.go:35.2,35.20 1 1
app_airbnb/repository/images/images.go:32.21,34.3 1 1
app_airbnb/repository/images/images.go:39.86,41.116 2 1
app_airbnb/repository/images/images.go:44.2,44.19 1 1
app_airbnb/repository/images/images.go:41.116,43.3 1 1
app_airbnb/repository/images/images.go:48.118,51.27 3 1
app_airbnb/repository/images/images.go:54.2,55.26 2 0
app_airbnb/repository/images/images.go:51.27,53.3 1 1
app_airbnb/repository/images/images.go:59.74,62.27 3 1
app_airbnb/repository/images/images.go:65.2,65.12 1 0
app_airbnb/repository/images/images.go:62.27,64.3 1 1
