mode: set
app_airbnb/delivery/controllers/user/formatter.go:20.86,25.2 1 1
app_airbnb/delivery/controllers/user/formatter.go:48.86,53.2 1 1
app_airbnb/delivery/controllers/user/formatter.go:60.88,65.2 1 1
app_airbnb/delivery/controllers/user/user.go:17.48,21.2 1 1
app_airbnb/delivery/controllers/user/user.go:23.55,24.36 1 1
app_airbnb/delivery/controllers/user/user.go:24.36,27.82 2 1
app_airbnb/delivery/controllers/user/user.go:31.3,33.17 2 1
app_airbnb/delivery/controllers/user/user.go:37.3,37.128 1 1
app_airbnb/delivery/controllers/user/user.go:27.82,29.4 1 1
app_airbnb/delivery/controllers/user/user.go:33.17,35.4 1 1
app_airbnb/delivery/controllers/user/user.go:41.54,42.36 1 1
app_airbnb/delivery/controllers/user/user.go:42.36,47.17 3 1
app_airbnb/delivery/controllers/user/user.go:51.3,51.116 1 1
app_airbnb/delivery/controllers/user/user.go:47.17,49.4 1 1
app_airbnb/delivery/controllers/user/user.go:55.53,56.36 1 1
app_airbnb/delivery/controllers/user/user.go:56.36,60.42 3 1
app_airbnb/delivery/controllers/user/user.go:64.3,66.17 2 1
app_airbnb/delivery/controllers/user/user.go:70.3,70.118 1 1
app_airbnb/delivery/controllers/user/user.go:60.42,62.4 1 0
app_airbnb/delivery/controllers/user/user.go:66.17,68.4 1 1
app_airbnb/delivery/controllers/user/user.go:74.53,75.36 1 1
app_airbnb/delivery/controllers/user/user.go:75.36,80.17 3 1
app_airbnb/delivery/controllers/user/user.go:84.3,84.90 1 1
app_airbnb/delivery/controllers/user/user.go:80.17,82.4 1 1
