mode: set
app_airbnb/delivery/controllers/auth/auth.go:16.42,20.2 1 1
app_airbnb/delivery/controllers/auth/auth.go:22.52,23.36 1 1
app_airbnb/delivery/controllers/auth/auth.go:23.36,26.97 2 1
app_airbnb/delivery/controllers/auth/auth.go:29.3,31.17 2 1
app_airbnb/delivery/controllers/auth/auth.go:34.3,36.17 2 1
app_airbnb/delivery/controllers/auth/auth.go:39.3,39.111 1 1
app_airbnb/delivery/controllers/auth/auth.go:26.97,28.4 1 1
app_airbnb/delivery/controllers/auth/auth.go:31.17,33.4 1 1
app_airbnb/delivery/controllers/auth/auth.go:36.17,38.4 1 1
