mode: set
Back-End-Ecommers/repository/address/address.go:14.42,18.2 1 1
Back-End-Ecommers/repository/address/address.go:20.64,23.60 2 1
Back-End-Ecommers/repository/address/address.go:27.2,27.24 1 1
Back-End-Ecommers/repository/address/address.go:23.60,25.3 1 0
Back-End-Ecommers/repository/address/address.go:30.79,33.90 2 1
Back-End-Ecommers/repository/address/address.go:37.2,37.24 1 0
Back-End-Ecommers/repository/address/address.go:33.90,35.3 1 1
Back-End-Ecommers/repository/address/address.go:40.96,43.53 2 1
Back-End-Ecommers/repository/address/address.go:47.2,47.15 1 1
Back-End-Ecommers/repository/address/address.go:43.53,45.3 1 1
Back-End-Ecommers/repository/address/address.go:50.120,54.27 2 1
Back-End-Ecommers/repository/address/address.go:58.2,60.21 2 1
Back-End-Ecommers/repository/address/address.go:54.27,56.3 1 0
Back-End-Ecommers/repository/address/address.go:72.58,76.69 2 1
Back-End-Ecommers/repository/address/address.go:79.2,80.12 2 1
Back-End-Ecommers/repository/address/address.go:76.69,78.3 1 1
